<?xml version="1.0" encoding="UTF-8"?>
<testsuite xmlns:xsi="http://www.w3.org/2001/XMLSchema-instance" xsi:noNamespaceSchemaLocation="https://maven.apache.org/surefire/maven-surefire-plugin/xsd/surefire-test-report-3.0.xsd" version="3.0" name="com.textile.colormatch.ColorimetryServiceTest" time="0.091" tests="2" errors="0" skipped="0" failures="0">
  <properties>
[...]
</properties>
  <testcase name="testDeltaECalculation" classname="com.textile.colormatch.ColorimetryServiceTest" time="0.042">
    <system-out><![CDATA[Calculated CIEDE2000: 7.0, CIE76: 10.6
]]></system-out>
  </testcase>
  <testcase name="testColorParsingAndLab" classname="com.textile.colormatch.ColorimetryServiceTest" time="0.016">
    <system-out><![CDATA[Target: Hex=#C82030 R=200 G=32 B=48 L=43.6 a=63.1 b=35.7
Sample: Hex=#D2453A R=210 G=69 B=58 L=49.8 a=54.7 b=37.5
]]></system-out>
  </testcase>
</testsuite>